<?xml version="1.0" encoding="utf-8"?><testsuites name="pytest tests"><testsuite name="pytest" errors="0" failures="0" skipped="0" tests="5" time="1.778" timestamp="2026-08-20T17:12:54.701611+00:00" hostname="agent-env-963ab3e7-42f2-4ab7-bb95-7c8f8c3539c1"><testcase classname="tests.test_marmita_fitness" name="test_image_asset_served" time="0.351" /><testcase classname="tests.test_marmita_fitness" name="test_apostila_served" time="0.501" /><testcase classname="tests.test_marmita_fitness" name="test_courses_catalog_contains_all_expected" time="0.237" /><testcase classname="tests.test_marmita_fitness" name="test_marmita_fitness_in_catalog_fields" time="0.189" /><testcase classname="tests.test_marmita_fitness" name="test_marmita_fitness_detail" time="0.191" /></testsuite></testsuites>