<?xml version="1.0" encoding="utf-8"?><testsuites name="pytest tests"><testsuite name="pytest" errors="0" failures="0" skipped="0" tests="23" time="3.371" timestamp="2026-08-20T17:01:29.207732+00:00" hostname="agent-env-963ab3e7-42f2-4ab7-bb95-7c8f8c3539c1"><testcase classname="tests.test_social_codes_and_ab_affiliates.TestAffiliateCreation" name="test_create_A" time="0.176" /><testcase classname="tests.test_social_codes_and_ab_affiliates.TestAdminAuth" name="test_affiliates_get_requires_auth" time="0.248" /><testcase classname="tests.test_social_codes_and_ab_affiliates.TestAffiliateCreation" name="test_create_B_with_parent" time="0.187" /><testcase classname="tests.test_social_codes_and_ab_affiliates.TestAdminAuth" name="test_affiliates_post_requires_auth" time="0.186" /><testcase classname="tests.test_social_codes_and_ab_affiliates.TestAffiliateCreation" name="test_B_without_parent_rejected" time="0.234" /><testcase classname="tests.test_social_codes_and_ab_affiliates.TestAdminAuth" name="test_access_codes_get_requires_auth" time="0.209" /><testcase classname="tests.test_social_codes_and_ab_affiliates.TestAffiliateCreation" name="test_B_self_parent_rejected" time="0.169" /><testcase classname="tests.test_social_codes_and_ab_affiliates.TestAdminAuth" name="test_access_codes_post_requires_auth" time="0.118" /><testcase classname="tests.test_social_codes_and_ab_affiliates.TestAdminAuth" name="test_admin_token_ok_affiliates" time="0.139" /><testcase classname="tests.test_social_codes_and_ab_affiliates.TestAffiliateCreation" name="test_B_parent_is_another_B_rejected" time="0.371" /><testcase classname="tests.test_social_codes_and_ab_affiliates.TestAdminAuth" name="test_admin_token_ok_access_codes" time="0.172" /><testcase classname="tests.test_social_codes_and_ab_affiliates.TestAccessCodeRedeem" name="test_redeem_grants_access_and_is_idempotent" time="0.329" /><testcase classname="tests.test_social_codes_and_ab_affiliates.TestAccessCodesSeed" name="test_seed_validate[VIP100-20]" time="0.144" /><testcase classname="tests.test_social_codes_and_ab_affiliates.TestAccessCodesSeed" name="test_seed_validate[PASTOR100-50]" time="0.180" /><testcase classname="tests.test_social_codes_and_ab_affiliates.TestAccessCodeRedeem" name="test_max_uses_limit" time="0.461" /><testcase classname="tests.test_social_codes_and_ab_affiliates.TestAccessCodesSeed" name="test_seed_validate[CONVIDADO100-100]" time="0.167" /><testcase classname="tests.test_social_codes_and_ab_affiliates.TestAffiliateTracking" name="test_track_known" time="0.169" /><testcase classname="tests.test_social_codes_and_ab_affiliates.TestAffiliateTracking" name="test_track_unknown" time="0.166" /><testcase classname="tests.test_social_codes_and_ab_affiliates.TestAccessCodeRedeem" name="test_expired_code" time="0.750" /><testcase classname="tests.test_social_codes_and_ab_affiliates.TestCommissionMath" name="test_ab_commission_stats" time="0.189" /><testcase classname="tests.test_social_codes_and_ab_affiliates.TestStripeAffiliatePersist" name="test_checkout_persists_affiliate_code" time="0.440" /><testcase classname="tests.test_social_codes_and_ab_affiliates.TestMercadoPagoGuard" name="test_config_disabled" time="0.170" /><testcase classname="tests.test_social_codes_and_ab_affiliates.TestMercadoPagoGuard" name="test_preference_503" time="0.124" /></testsuite></testsuites>