<?xml version="1.0" encoding="utf-8"?><testsuites name="pytest tests"><testsuite name="pytest" errors="0" failures="0" skipped="0" tests="7" time="2.440" timestamp="2026-08-13T19:58:10.264301+00:00" hostname="agent-env-963ab3e7-42f2-4ab7-bb95-7c8f8c3539c1"><testcase classname="tests.test_stripe_payments" name="test_payments_config" time="0.171" /><testcase classname="tests.test_stripe_payments" name="test_courses_public" time="0.208" /><testcase classname="tests.test_stripe_payments" name="test_auth_me_unauth_returns_401" time="0.152" /><testcase classname="tests.test_stripe_payments" name="test_checkout_creates_session_and_persists_tx" time="0.889" /><testcase classname="tests.test_stripe_payments" name="test_checkout_rejects_unknown_lookup_key" time="0.137" /><testcase classname="tests.test_stripe_payments" name="test_status_404_for_unknown_session" time="0.134" /><testcase classname="tests.test_stripe_payments" name="test_access_grant_exists_for_paid_test_email" time="0.001" /></testsuite></testsuites>